AAC_6___Ie_APH_2____Ia	KEEP	Made into gene. strand=+, frame=0
AAC_6___Ii	KEEP	Made into gene. strand=+, frame=0
ANT_3____Ia	KEEP	Made into gene. strand=+, frame=0
ANT_4___Ia	KEEP	Made into gene. strand=+, frame=0
ANT_6__Ia	KEEP	Made into gene. strand=+, frame=0
ANT_6__Ia_pAML0157	KEEP	Made into gene. strand=+, frame=0
APH_2____IIIa	KEEP	Made into gene. strand=+, frame=0
APH_2____IIa	KEEP	Made into gene. strand=+, frame=0
APH_2____IVa	KEEP	Made into gene. strand=+, frame=0
APH_2____Ie	KEEP	Made into gene. strand=+, frame=0
APH_3___IIIa	KEEP	Made into gene. strand=+, frame=0
APH_6__Ic	KEEP	Made into gene. strand=+, frame=0
HDprotein	KEEP	Made into gene. strand=+, frame=0
PTS_EIIA	KEEP	Made into gene. strand=+, frame=0
blaI	KEEP	Made into gene. strand=+, frame=0
blaR1	KEEP	Made into gene. strand=+, frame=0
blaZ	KEEP	Made into gene. strand=+, frame=0
cfa	KEEP	Made into gene. strand=+, frame=0
cfrA	KEEP	Made into gene. strand=+, frame=0
cfrB	KEEP	Made into gene. strand=+, frame=0
cls	KEEP	Made into gene. strand=+, frame=0
clsB	KEEP	Made into gene. strand=+, frame=0
eatA	KEEP	Made into gene. strand=+, frame=0
efmM	KEEP	Made into gene. strand=+, frame=0
efrA	KEEP	Made into gene. strand=+, frame=0
emeA	KEEP	Made into gene. strand=+, frame=0
ermA	KEEP	Made into gene. strand=+, frame=0
ermA_AF002716	KEEP	Made into gene. strand=+, frame=0
ermA_KT862775	KEEP	Made into gene. strand=-, frame=0
ermB	KEEP	Made into gene. strand=+, frame=0
ermB_E7067	KEEP	Made into gene. strand=+, frame=0
ermC	KEEP	Made into gene. strand=+, frame=0
ermT	KEEP	Made into gene. strand=+, frame=0
gdpD	KEEP	Made into gene. strand=+, frame=0
gyrA	KEEP	Made into gene. strand=+, frame=0
gyrB	KEEP	Made into gene. strand=+, frame=0
liaF	KEEP	Made into gene. strand=+, frame=0
liaR	KEEP	Made into gene. strand=+, frame=0
liaS	KEEP	Made into gene. strand=+, frame=0
liaX	KEEP	Made into gene. strand=+, frame=0
lnuA	KEEP	Made into gene. strand=+, frame=0
lnuB	KEEP	Made into gene. strand=+, frame=0
lnuC	KEEP	Made into gene. strand=+, frame=0
lnuF	KEEP	Made into gene. strand=+, frame=0
lsaA	KEEP	Made into gene. strand=+, frame=0
lsaB	KEEP	Made into gene. strand=+, frame=0
lsaC	KEEP	Made into gene. strand=+, frame=0
lsaE	KEEP	Made into gene. strand=+, frame=0
mefA	KEEP	Made into gene. strand=+, frame=0
msrC	KEEP	Made into gene. strand=+, frame=0
optrA	KEEP	Made into gene. strand=+, frame=0
parC	KEEP	Made into gene. strand=+, frame=0
pbp5	KEEP	Made into gene. strand=+, frame=0
poxtA	KEEP	Made into gene. strand=+, frame=0
qnr	KEEP	Made into gene. strand=+, frame=0
rplC	KEEP	Made into gene. strand=+, frame=0
rplD	KEEP	Made into gene. strand=+, frame=0
rplV	KEEP	Made into gene. strand=+, frame=0
rpsJ	KEEP	Made into gene. strand=+, frame=0
rrma	KEEP	Made into gene. strand=+, frame=0
sulP	KEEP	Made into gene. strand=+, frame=0
tet40	KEEP	Made into gene. strand=+, frame=0
tetK	KEEP	Made into gene. strand=+, frame=0
tetL	KEEP	Made into gene. strand=+, frame=0
tetM	KEEP	Made into gene. strand=+, frame=0
tetO	KEEP	Made into gene. strand=+, frame=0
tetS	KEEP	Made into gene. strand=+, frame=0
tetT	KEEP	Made into gene. strand=+, frame=0
tetU	KEEP	Made into gene. strand=+, frame=0
tetW	KEEP	Made into gene. strand=+, frame=0
tetWNW	KEEP	Made into gene. strand=+, frame=0
tetX	KEEP	Made into gene. strand=+, frame=0
vanA	KEEP	Made into gene. strand=+, frame=0
vanB	KEEP	Made into gene. strand=+, frame=0
vanB_pE7948	KEEP	Made into gene. strand=+, frame=0
vanHA	KEEP	Made into gene. strand=+, frame=0
vanHB	KEEP	Made into gene. strand=+, frame=0
vanHB_pE7948	KEEP	Made into gene. strand=+, frame=0
vanRA	KEEP	Made into gene. strand=+, frame=0
vanRB	KEEP	Made into gene. strand=+, frame=0
vanRB_pE7948	KEEP	Made into gene. strand=+, frame=0
vanSA	KEEP	Made into gene. strand=+, frame=0
vanSB	KEEP	Made into gene. strand=+, frame=0
vanSB_pE7948	KEEP	Made into gene. strand=+, frame=0
vanWB	KEEP	Made into gene. strand=+, frame=0
vanWB_pE7948	KEEP	Made into gene. strand=+, frame=0
vanXA	KEEP	Made into gene. strand=+, frame=0
vanXB	KEEP	Made into gene. strand=+, frame=0
vanXB_pE7948	KEEP	Made into gene. strand=+, frame=0
vanYA	KEEP	Made into gene. strand=+, frame=0
vanYB	KEEP	Made into gene. strand=+, frame=0
vanYB_pE7948	KEEP	Made into gene. strand=+, frame=0
vanZA	KEEP	Made into gene. strand=+, frame=0
vatD	KEEP	Made into gene. strand=+, frame=0
vatE	KEEP	Made into gene. strand=+, frame=0
vatH	KEEP	Made into gene. strand=+, frame=0
vgaD	KEEP	Made into gene. strand=+, frame=0
vgbA	KEEP	Made into gene. strand=+, frame=0
xpaC	KEEP	Made into gene. strand=+, frame=0
yycG	KEEP	Made into gene. strand=+, frame=0
yycH	KEEP	Made into gene. strand=+, frame=0
yycI	KEEP	Made into gene. strand=+, frame=0
